INFO [2022-11-08 14:13:10] $x
INFO [2022-11-08 14:13:10] list(C1, C2, C3, C4)
INFO [2022-11-08 14:13:10] 
INFO [2022-11-08 14:13:10] $category.names
INFO [2022-11-08 14:13:10] c("C1", "C2 ", "C3", "C4")
INFO [2022-11-08 14:13:10] 
INFO [2022-11-08 14:13:10] $filename
INFO [2022-11-08 14:13:10] paste0(base, "venn_diagram.png")
INFO [2022-11-08 14:13:10] 
INFO [2022-11-08 14:13:10] $output
INFO [2022-11-08 14:13:10] [1] TRUE
INFO [2022-11-08 14:13:10] 
INFO [2022-11-08 14:13:10] $imagetype
INFO [2022-11-08 14:13:10] [1] "png"
INFO [2022-11-08 14:13:10] 
INFO [2022-11-08 14:13:10] $height
INFO [2022-11-08 14:13:10] [1] 480
INFO [2022-11-08 14:13:10] 
INFO [2022-11-08 14:13:10] $width
INFO [2022-11-08 14:13:10] [1] 480
INFO [2022-11-08 14:13:10] 
INFO [2022-11-08 14:13:10] $resolution
INFO [2022-11-08 14:13:10] [1] 300
INFO [2022-11-08 14:13:10] 
INFO [2022-11-08 14:13:10] $compression
INFO [2022-11-08 14:13:10] [1] "lzw"
INFO [2022-11-08 14:13:10] 
INFO [2022-11-08 14:13:10] $lwd
INFO [2022-11-08 14:13:10] [1] 2
INFO [2022-11-08 14:13:10] 
INFO [2022-11-08 14:13:10] $lty
INFO [2022-11-08 14:13:10] [1] "blank"
INFO [2022-11-08 14:13:10] 
INFO [2022-11-08 14:13:10] $fill
INFO [2022-11-08 14:13:10] myCol
INFO [2022-11-08 14:13:10] 
INFO [2022-11-08 14:13:10] $cex
INFO [2022-11-08 14:13:10] [1] 0.6
INFO [2022-11-08 14:13:10] 
INFO [2022-11-08 14:13:10] $fontface
INFO [2022-11-08 14:13:10] [1] "bold"
INFO [2022-11-08 14:13:10] 
INFO [2022-11-08 14:13:10] $fontfamily
INFO [2022-11-08 14:13:10] [1] "sans"
INFO [2022-11-08 14:13:10] 
INFO [2022-11-08 14:13:10] $cat.cex
INFO [2022-11-08 14:13:10] [1] 0.6
INFO [2022-11-08 14:13:10] 
INFO [2022-11-08 14:13:10] $cat.fontface
INFO [2022-11-08 14:13:10] [1] "bold"
INFO [2022-11-08 14:13:10] 
INFO [2022-11-08 14:13:10] $cat.default.pos
INFO [2022-11-08 14:13:10] [1] "outer"
INFO [2022-11-08 14:13:10] 
INFO [2022-11-08 14:13:10] $cat.fontfamily
INFO [2022-11-08 14:13:10] [1] "sans"
INFO [2022-11-08 14:13:10] 
INFO [2022-11-08 14:13:10] [[20]]
INFO [2022-11-08 14:13:10] 
INFO [2022-11-08 14:13:10] 
