INFO [2022-11-24 01:25:02] $x
INFO [2022-11-24 01:25:02] list(C1, C2, C3, C4)
INFO [2022-11-24 01:25:02] 
INFO [2022-11-24 01:25:02] $category.names
INFO [2022-11-24 01:25:02] c("C1", "C2 ", "C3", "C4")
INFO [2022-11-24 01:25:02] 
INFO [2022-11-24 01:25:02] $filename
INFO [2022-11-24 01:25:02] paste0(vis_path, "venn_diagram.png")
INFO [2022-11-24 01:25:02] 
INFO [2022-11-24 01:25:02] $output
INFO [2022-11-24 01:25:02] [1] TRUE
INFO [2022-11-24 01:25:02] 
INFO [2022-11-24 01:25:02] $imagetype
INFO [2022-11-24 01:25:02] [1] "png"
INFO [2022-11-24 01:25:02] 
INFO [2022-11-24 01:25:02] $height
INFO [2022-11-24 01:25:02] [1] 480
INFO [2022-11-24 01:25:02] 
INFO [2022-11-24 01:25:02] $width
INFO [2022-11-24 01:25:02] [1] 480
INFO [2022-11-24 01:25:02] 
INFO [2022-11-24 01:25:02] $resolution
INFO [2022-11-24 01:25:02] [1] 300
INFO [2022-11-24 01:25:02] 
INFO [2022-11-24 01:25:02] $compression
INFO [2022-11-24 01:25:02] [1] "lzw"
INFO [2022-11-24 01:25:02] 
INFO [2022-11-24 01:25:02] $lwd
INFO [2022-11-24 01:25:02] [1] 2
INFO [2022-11-24 01:25:02] 
INFO [2022-11-24 01:25:02] $lty
INFO [2022-11-24 01:25:02] [1] "blank"
INFO [2022-11-24 01:25:02] 
INFO [2022-11-24 01:25:02] $fill
INFO [2022-11-24 01:25:02] myCol
INFO [2022-11-24 01:25:02] 
INFO [2022-11-24 01:25:02] $cex
INFO [2022-11-24 01:25:02] [1] 0.6
INFO [2022-11-24 01:25:02] 
INFO [2022-11-24 01:25:02] $fontface
INFO [2022-11-24 01:25:02] [1] "bold"
INFO [2022-11-24 01:25:02] 
INFO [2022-11-24 01:25:02] $fontfamily
INFO [2022-11-24 01:25:02] [1] "sans"
INFO [2022-11-24 01:25:02] 
INFO [2022-11-24 01:25:02] $cat.cex
INFO [2022-11-24 01:25:02] [1] 0.6
INFO [2022-11-24 01:25:02] 
INFO [2022-11-24 01:25:02] $cat.fontface
INFO [2022-11-24 01:25:02] [1] "bold"
INFO [2022-11-24 01:25:02] 
INFO [2022-11-24 01:25:02] $cat.default.pos
INFO [2022-11-24 01:25:02] [1] "outer"
INFO [2022-11-24 01:25:02] 
INFO [2022-11-24 01:25:02] $cat.fontfamily
INFO [2022-11-24 01:25:02] [1] "sans"
INFO [2022-11-24 01:25:02] 
INFO [2022-11-24 01:25:02] [[20]]
INFO [2022-11-24 01:25:02] 
INFO [2022-11-24 01:25:02] 
