INFO [2022-11-23 18:26:05] $x
INFO [2022-11-23 18:26:05] list(C1, C2, C3, C4)
INFO [2022-11-23 18:26:05] 
INFO [2022-11-23 18:26:05] $category.names
INFO [2022-11-23 18:26:05] c("C1", "C2 ", "C3", "C4")
INFO [2022-11-23 18:26:05] 
INFO [2022-11-23 18:26:05] $filename
INFO [2022-11-23 18:26:05] paste0(vis_path, "venn_diagram.png")
INFO [2022-11-23 18:26:05] 
INFO [2022-11-23 18:26:05] $output
INFO [2022-11-23 18:26:05] [1] TRUE
INFO [2022-11-23 18:26:05] 
INFO [2022-11-23 18:26:05] $imagetype
INFO [2022-11-23 18:26:05] [1] "png"
INFO [2022-11-23 18:26:05] 
INFO [2022-11-23 18:26:05] $height
INFO [2022-11-23 18:26:05] [1] 480
INFO [2022-11-23 18:26:05] 
INFO [2022-11-23 18:26:05] $width
INFO [2022-11-23 18:26:05] [1] 480
INFO [2022-11-23 18:26:05] 
INFO [2022-11-23 18:26:05] $resolution
INFO [2022-11-23 18:26:05] [1] 300
INFO [2022-11-23 18:26:05] 
INFO [2022-11-23 18:26:05] $compression
INFO [2022-11-23 18:26:05] [1] "lzw"
INFO [2022-11-23 18:26:05] 
INFO [2022-11-23 18:26:05] $lwd
INFO [2022-11-23 18:26:05] [1] 2
INFO [2022-11-23 18:26:05] 
INFO [2022-11-23 18:26:05] $lty
INFO [2022-11-23 18:26:05] [1] "blank"
INFO [2022-11-23 18:26:05] 
INFO [2022-11-23 18:26:05] $fill
INFO [2022-11-23 18:26:05] myCol
INFO [2022-11-23 18:26:05] 
INFO [2022-11-23 18:26:05] $cex
INFO [2022-11-23 18:26:05] [1] 0.6
INFO [2022-11-23 18:26:05] 
INFO [2022-11-23 18:26:05] $fontface
INFO [2022-11-23 18:26:05] [1] "bold"
INFO [2022-11-23 18:26:05] 
INFO [2022-11-23 18:26:05] $fontfamily
INFO [2022-11-23 18:26:05] [1] "sans"
INFO [2022-11-23 18:26:05] 
INFO [2022-11-23 18:26:05] $cat.cex
INFO [2022-11-23 18:26:05] [1] 0.6
INFO [2022-11-23 18:26:05] 
INFO [2022-11-23 18:26:05] $cat.fontface
INFO [2022-11-23 18:26:05] [1] "bold"
INFO [2022-11-23 18:26:05] 
INFO [2022-11-23 18:26:05] $cat.default.pos
INFO [2022-11-23 18:26:05] [1] "outer"
INFO [2022-11-23 18:26:05] 
INFO [2022-11-23 18:26:05] $cat.fontfamily
INFO [2022-11-23 18:26:05] [1] "sans"
INFO [2022-11-23 18:26:05] 
INFO [2022-11-23 18:26:05] [[20]]
INFO [2022-11-23 18:26:05] 
INFO [2022-11-23 18:26:05] 
