INFO [2022-11-23 18:27:54] $x
INFO [2022-11-23 18:27:54] list(C1, C2, C3, C4)
INFO [2022-11-23 18:27:54] 
INFO [2022-11-23 18:27:54] $category.names
INFO [2022-11-23 18:27:54] c("C1", "C2 ", "C3", "C4")
INFO [2022-11-23 18:27:54] 
INFO [2022-11-23 18:27:54] $filename
INFO [2022-11-23 18:27:54] paste0(vis_path, "venn_diagram.png")
INFO [2022-11-23 18:27:54] 
INFO [2022-11-23 18:27:54] $output
INFO [2022-11-23 18:27:54] [1] TRUE
INFO [2022-11-23 18:27:54] 
INFO [2022-11-23 18:27:54] $imagetype
INFO [2022-11-23 18:27:54] [1] "png"
INFO [2022-11-23 18:27:54] 
INFO [2022-11-23 18:27:54] $height
INFO [2022-11-23 18:27:54] [1] 480
INFO [2022-11-23 18:27:54] 
INFO [2022-11-23 18:27:54] $width
INFO [2022-11-23 18:27:54] [1] 480
INFO [2022-11-23 18:27:54] 
INFO [2022-11-23 18:27:54] $resolution
INFO [2022-11-23 18:27:54] [1] 300
INFO [2022-11-23 18:27:54] 
INFO [2022-11-23 18:27:54] $compression
INFO [2022-11-23 18:27:54] [1] "lzw"
INFO [2022-11-23 18:27:54] 
INFO [2022-11-23 18:27:54] $lwd
INFO [2022-11-23 18:27:54] [1] 2
INFO [2022-11-23 18:27:54] 
INFO [2022-11-23 18:27:54] $lty
INFO [2022-11-23 18:27:54] [1] "blank"
INFO [2022-11-23 18:27:54] 
INFO [2022-11-23 18:27:54] $fill
INFO [2022-11-23 18:27:54] myCol
INFO [2022-11-23 18:27:54] 
INFO [2022-11-23 18:27:54] $cex
INFO [2022-11-23 18:27:54] [1] 0.6
INFO [2022-11-23 18:27:54] 
INFO [2022-11-23 18:27:54] $fontface
INFO [2022-11-23 18:27:54] [1] "bold"
INFO [2022-11-23 18:27:54] 
INFO [2022-11-23 18:27:54] $fontfamily
INFO [2022-11-23 18:27:54] [1] "sans"
INFO [2022-11-23 18:27:54] 
INFO [2022-11-23 18:27:54] $cat.cex
INFO [2022-11-23 18:27:54] [1] 0.6
INFO [2022-11-23 18:27:54] 
INFO [2022-11-23 18:27:54] $cat.fontface
INFO [2022-11-23 18:27:54] [1] "bold"
INFO [2022-11-23 18:27:54] 
INFO [2022-11-23 18:27:54] $cat.default.pos
INFO [2022-11-23 18:27:54] [1] "outer"
INFO [2022-11-23 18:27:54] 
INFO [2022-11-23 18:27:54] $cat.fontfamily
INFO [2022-11-23 18:27:54] [1] "sans"
INFO [2022-11-23 18:27:54] 
INFO [2022-11-23 18:27:54] [[20]]
INFO [2022-11-23 18:27:54] 
INFO [2022-11-23 18:27:54] 
