INFO [2022-11-24 01:25:34] $x
INFO [2022-11-24 01:25:34] list(C1, C2, C3, C4)
INFO [2022-11-24 01:25:34] 
INFO [2022-11-24 01:25:34] $category.names
INFO [2022-11-24 01:25:34] c("C1", "C2 ", "C3", "C4")
INFO [2022-11-24 01:25:34] 
INFO [2022-11-24 01:25:34] $filename
INFO [2022-11-24 01:25:34] paste0(vis_path, "venn_diagram.png")
INFO [2022-11-24 01:25:34] 
INFO [2022-11-24 01:25:34] $output
INFO [2022-11-24 01:25:34] [1] TRUE
INFO [2022-11-24 01:25:34] 
INFO [2022-11-24 01:25:34] $imagetype
INFO [2022-11-24 01:25:34] [1] "png"
INFO [2022-11-24 01:25:34] 
INFO [2022-11-24 01:25:34] $height
INFO [2022-11-24 01:25:34] [1] 480
INFO [2022-11-24 01:25:34] 
INFO [2022-11-24 01:25:34] $width
INFO [2022-11-24 01:25:34] [1] 480
INFO [2022-11-24 01:25:34] 
INFO [2022-11-24 01:25:34] $resolution
INFO [2022-11-24 01:25:34] [1] 300
INFO [2022-11-24 01:25:34] 
INFO [2022-11-24 01:25:34] $compression
INFO [2022-11-24 01:25:34] [1] "lzw"
INFO [2022-11-24 01:25:34] 
INFO [2022-11-24 01:25:34] $lwd
INFO [2022-11-24 01:25:34] [1] 2
INFO [2022-11-24 01:25:34] 
INFO [2022-11-24 01:25:34] $lty
INFO [2022-11-24 01:25:34] [1] "blank"
INFO [2022-11-24 01:25:34] 
INFO [2022-11-24 01:25:34] $fill
INFO [2022-11-24 01:25:34] myCol
INFO [2022-11-24 01:25:34] 
INFO [2022-11-24 01:25:34] $cex
INFO [2022-11-24 01:25:34] [1] 0.6
INFO [2022-11-24 01:25:34] 
INFO [2022-11-24 01:25:34] $fontface
INFO [2022-11-24 01:25:34] [1] "bold"
INFO [2022-11-24 01:25:34] 
INFO [2022-11-24 01:25:34] $fontfamily
INFO [2022-11-24 01:25:34] [1] "sans"
INFO [2022-11-24 01:25:34] 
INFO [2022-11-24 01:25:34] $cat.cex
INFO [2022-11-24 01:25:34] [1] 0.6
INFO [2022-11-24 01:25:34] 
INFO [2022-11-24 01:25:34] $cat.fontface
INFO [2022-11-24 01:25:34] [1] "bold"
INFO [2022-11-24 01:25:34] 
INFO [2022-11-24 01:25:34] $cat.default.pos
INFO [2022-11-24 01:25:34] [1] "outer"
INFO [2022-11-24 01:25:34] 
INFO [2022-11-24 01:25:34] $cat.fontfamily
INFO [2022-11-24 01:25:34] [1] "sans"
INFO [2022-11-24 01:25:34] 
INFO [2022-11-24 01:25:34] [[20]]
INFO [2022-11-24 01:25:34] 
INFO [2022-11-24 01:25:34] 
