INFO [2022-11-24 01:23:36] $x
INFO [2022-11-24 01:23:36] list(C1, C2, C3, C4)
INFO [2022-11-24 01:23:36] 
INFO [2022-11-24 01:23:36] $category.names
INFO [2022-11-24 01:23:36] c("C1", "C2 ", "C3", "C4")
INFO [2022-11-24 01:23:36] 
INFO [2022-11-24 01:23:36] $filename
INFO [2022-11-24 01:23:36] paste0(vis_path, "venn_diagram.png")
INFO [2022-11-24 01:23:36] 
INFO [2022-11-24 01:23:36] $output
INFO [2022-11-24 01:23:36] [1] TRUE
INFO [2022-11-24 01:23:36] 
INFO [2022-11-24 01:23:36] $imagetype
INFO [2022-11-24 01:23:36] [1] "png"
INFO [2022-11-24 01:23:36] 
INFO [2022-11-24 01:23:36] $height
INFO [2022-11-24 01:23:36] [1] 480
INFO [2022-11-24 01:23:36] 
INFO [2022-11-24 01:23:36] $width
INFO [2022-11-24 01:23:36] [1] 480
INFO [2022-11-24 01:23:36] 
INFO [2022-11-24 01:23:36] $resolution
INFO [2022-11-24 01:23:36] [1] 300
INFO [2022-11-24 01:23:36] 
INFO [2022-11-24 01:23:36] $compression
INFO [2022-11-24 01:23:36] [1] "lzw"
INFO [2022-11-24 01:23:36] 
INFO [2022-11-24 01:23:36] $lwd
INFO [2022-11-24 01:23:36] [1] 2
INFO [2022-11-24 01:23:36] 
INFO [2022-11-24 01:23:36] $lty
INFO [2022-11-24 01:23:36] [1] "blank"
INFO [2022-11-24 01:23:36] 
INFO [2022-11-24 01:23:36] $fill
INFO [2022-11-24 01:23:36] myCol
INFO [2022-11-24 01:23:36] 
INFO [2022-11-24 01:23:36] $cex
INFO [2022-11-24 01:23:36] [1] 0.6
INFO [2022-11-24 01:23:36] 
INFO [2022-11-24 01:23:36] $fontface
INFO [2022-11-24 01:23:36] [1] "bold"
INFO [2022-11-24 01:23:36] 
INFO [2022-11-24 01:23:36] $fontfamily
INFO [2022-11-24 01:23:36] [1] "sans"
INFO [2022-11-24 01:23:36] 
INFO [2022-11-24 01:23:36] $cat.cex
INFO [2022-11-24 01:23:36] [1] 0.6
INFO [2022-11-24 01:23:36] 
INFO [2022-11-24 01:23:36] $cat.fontface
INFO [2022-11-24 01:23:36] [1] "bold"
INFO [2022-11-24 01:23:36] 
INFO [2022-11-24 01:23:36] $cat.default.pos
INFO [2022-11-24 01:23:36] [1] "outer"
INFO [2022-11-24 01:23:36] 
INFO [2022-11-24 01:23:36] $cat.fontfamily
INFO [2022-11-24 01:23:36] [1] "sans"
INFO [2022-11-24 01:23:36] 
INFO [2022-11-24 01:23:36] [[20]]
INFO [2022-11-24 01:23:36] 
INFO [2022-11-24 01:23:36] 
