INFO [2022-11-24 01:21:53] $x
INFO [2022-11-24 01:21:53] list(C1, C2, C3, C4)
INFO [2022-11-24 01:21:53] 
INFO [2022-11-24 01:21:53] $category.names
INFO [2022-11-24 01:21:53] c("C1", "C2 ", "C3", "C4")
INFO [2022-11-24 01:21:53] 
INFO [2022-11-24 01:21:53] $filename
INFO [2022-11-24 01:21:53] paste0(vis_path, "venn_diagram.png")
INFO [2022-11-24 01:21:53] 
INFO [2022-11-24 01:21:53] $output
INFO [2022-11-24 01:21:53] [1] TRUE
INFO [2022-11-24 01:21:53] 
INFO [2022-11-24 01:21:53] $imagetype
INFO [2022-11-24 01:21:53] [1] "png"
INFO [2022-11-24 01:21:53] 
INFO [2022-11-24 01:21:53] $height
INFO [2022-11-24 01:21:53] [1] 480
INFO [2022-11-24 01:21:53] 
INFO [2022-11-24 01:21:53] $width
INFO [2022-11-24 01:21:53] [1] 480
INFO [2022-11-24 01:21:53] 
INFO [2022-11-24 01:21:53] $resolution
INFO [2022-11-24 01:21:53] [1] 300
INFO [2022-11-24 01:21:53] 
INFO [2022-11-24 01:21:53] $compression
INFO [2022-11-24 01:21:53] [1] "lzw"
INFO [2022-11-24 01:21:53] 
INFO [2022-11-24 01:21:53] $lwd
INFO [2022-11-24 01:21:53] [1] 2
INFO [2022-11-24 01:21:53] 
INFO [2022-11-24 01:21:53] $lty
INFO [2022-11-24 01:21:53] [1] "blank"
INFO [2022-11-24 01:21:53] 
INFO [2022-11-24 01:21:53] $fill
INFO [2022-11-24 01:21:53] myCol
INFO [2022-11-24 01:21:53] 
INFO [2022-11-24 01:21:53] $cex
INFO [2022-11-24 01:21:53] [1] 0.6
INFO [2022-11-24 01:21:53] 
INFO [2022-11-24 01:21:53] $fontface
INFO [2022-11-24 01:21:53] [1] "bold"
INFO [2022-11-24 01:21:53] 
INFO [2022-11-24 01:21:53] $fontfamily
INFO [2022-11-24 01:21:53] [1] "sans"
INFO [2022-11-24 01:21:53] 
INFO [2022-11-24 01:21:53] $cat.cex
INFO [2022-11-24 01:21:53] [1] 0.6
INFO [2022-11-24 01:21:53] 
INFO [2022-11-24 01:21:53] $cat.fontface
INFO [2022-11-24 01:21:53] [1] "bold"
INFO [2022-11-24 01:21:53] 
INFO [2022-11-24 01:21:53] $cat.default.pos
INFO [2022-11-24 01:21:53] [1] "outer"
INFO [2022-11-24 01:21:53] 
INFO [2022-11-24 01:21:53] $cat.fontfamily
INFO [2022-11-24 01:21:53] [1] "sans"
INFO [2022-11-24 01:21:53] 
INFO [2022-11-24 01:21:53] [[20]]
INFO [2022-11-24 01:21:53] 
INFO [2022-11-24 01:21:53] 
