INFO [2022-11-10 17:55:50] $x
INFO [2022-11-10 17:55:50] list(C1, C2, C3, C4)
INFO [2022-11-10 17:55:50] 
INFO [2022-11-10 17:55:50] $category.names
INFO [2022-11-10 17:55:50] c("C1", "C2 ", "C3", "C4")
INFO [2022-11-10 17:55:50] 
INFO [2022-11-10 17:55:50] $filename
INFO [2022-11-10 17:55:50] paste0(vis_path, "venn_diagram.png")
INFO [2022-11-10 17:55:50] 
INFO [2022-11-10 17:55:50] $output
INFO [2022-11-10 17:55:50] [1] TRUE
INFO [2022-11-10 17:55:50] 
INFO [2022-11-10 17:55:50] $imagetype
INFO [2022-11-10 17:55:50] [1] "png"
INFO [2022-11-10 17:55:50] 
INFO [2022-11-10 17:55:50] $height
INFO [2022-11-10 17:55:50] [1] 480
INFO [2022-11-10 17:55:50] 
INFO [2022-11-10 17:55:50] $width
INFO [2022-11-10 17:55:50] [1] 480
INFO [2022-11-10 17:55:50] 
INFO [2022-11-10 17:55:50] $resolution
INFO [2022-11-10 17:55:50] [1] 300
INFO [2022-11-10 17:55:50] 
INFO [2022-11-10 17:55:50] $compression
INFO [2022-11-10 17:55:50] [1] "lzw"
INFO [2022-11-10 17:55:50] 
INFO [2022-11-10 17:55:50] $lwd
INFO [2022-11-10 17:55:50] [1] 2
INFO [2022-11-10 17:55:50] 
INFO [2022-11-10 17:55:50] $lty
INFO [2022-11-10 17:55:50] [1] "blank"
INFO [2022-11-10 17:55:50] 
INFO [2022-11-10 17:55:50] $fill
INFO [2022-11-10 17:55:50] myCol
INFO [2022-11-10 17:55:50] 
INFO [2022-11-10 17:55:50] $cex
INFO [2022-11-10 17:55:50] [1] 0.6
INFO [2022-11-10 17:55:50] 
INFO [2022-11-10 17:55:50] $fontface
INFO [2022-11-10 17:55:50] [1] "bold"
INFO [2022-11-10 17:55:50] 
INFO [2022-11-10 17:55:50] $fontfamily
INFO [2022-11-10 17:55:50] [1] "sans"
INFO [2022-11-10 17:55:50] 
INFO [2022-11-10 17:55:50] $cat.cex
INFO [2022-11-10 17:55:50] [1] 0.6
INFO [2022-11-10 17:55:50] 
INFO [2022-11-10 17:55:50] $cat.fontface
INFO [2022-11-10 17:55:50] [1] "bold"
INFO [2022-11-10 17:55:50] 
INFO [2022-11-10 17:55:50] $cat.default.pos
INFO [2022-11-10 17:55:50] [1] "outer"
INFO [2022-11-10 17:55:50] 
INFO [2022-11-10 17:55:50] $cat.fontfamily
INFO [2022-11-10 17:55:50] [1] "sans"
INFO [2022-11-10 17:55:50] 
INFO [2022-11-10 17:55:50] [[20]]
INFO [2022-11-10 17:55:50] 
INFO [2022-11-10 17:55:50] 
