INFO [2022-11-11 14:15:49] $x
INFO [2022-11-11 14:15:49] list(C1, C2, C3, C4)
INFO [2022-11-11 14:15:49] 
INFO [2022-11-11 14:15:49] $category.names
INFO [2022-11-11 14:15:49] c("C1", "C2 ", "C3", "C4")
INFO [2022-11-11 14:15:49] 
INFO [2022-11-11 14:15:49] $filename
INFO [2022-11-11 14:15:49] paste0(vis_path, "venn_diagram.png")
INFO [2022-11-11 14:15:49] 
INFO [2022-11-11 14:15:49] $output
INFO [2022-11-11 14:15:49] [1] TRUE
INFO [2022-11-11 14:15:49] 
INFO [2022-11-11 14:15:49] $imagetype
INFO [2022-11-11 14:15:49] [1] "png"
INFO [2022-11-11 14:15:49] 
INFO [2022-11-11 14:15:49] $height
INFO [2022-11-11 14:15:49] [1] 480
INFO [2022-11-11 14:15:49] 
INFO [2022-11-11 14:15:49] $width
INFO [2022-11-11 14:15:49] [1] 480
INFO [2022-11-11 14:15:49] 
INFO [2022-11-11 14:15:49] $resolution
INFO [2022-11-11 14:15:49] [1] 300
INFO [2022-11-11 14:15:49] 
INFO [2022-11-11 14:15:49] $compression
INFO [2022-11-11 14:15:49] [1] "lzw"
INFO [2022-11-11 14:15:49] 
INFO [2022-11-11 14:15:49] $lwd
INFO [2022-11-11 14:15:49] [1] 2
INFO [2022-11-11 14:15:49] 
INFO [2022-11-11 14:15:49] $lty
INFO [2022-11-11 14:15:49] [1] "blank"
INFO [2022-11-11 14:15:49] 
INFO [2022-11-11 14:15:49] $fill
INFO [2022-11-11 14:15:49] myCol
INFO [2022-11-11 14:15:49] 
INFO [2022-11-11 14:15:49] $cex
INFO [2022-11-11 14:15:49] [1] 0.6
INFO [2022-11-11 14:15:49] 
INFO [2022-11-11 14:15:49] $fontface
INFO [2022-11-11 14:15:49] [1] "bold"
INFO [2022-11-11 14:15:49] 
INFO [2022-11-11 14:15:49] $fontfamily
INFO [2022-11-11 14:15:49] [1] "sans"
INFO [2022-11-11 14:15:49] 
INFO [2022-11-11 14:15:49] $cat.cex
INFO [2022-11-11 14:15:49] [1] 0.6
INFO [2022-11-11 14:15:49] 
INFO [2022-11-11 14:15:49] $cat.fontface
INFO [2022-11-11 14:15:49] [1] "bold"
INFO [2022-11-11 14:15:49] 
INFO [2022-11-11 14:15:49] $cat.default.pos
INFO [2022-11-11 14:15:49] [1] "outer"
INFO [2022-11-11 14:15:49] 
INFO [2022-11-11 14:15:49] $cat.fontfamily
INFO [2022-11-11 14:15:49] [1] "sans"
INFO [2022-11-11 14:15:49] 
INFO [2022-11-11 14:15:49] [[20]]
INFO [2022-11-11 14:15:49] 
INFO [2022-11-11 14:15:49] 
