INFO [2022-11-24 01:26:58] $x
INFO [2022-11-24 01:26:58] list(C1, C2, C3, C4)
INFO [2022-11-24 01:26:58] 
INFO [2022-11-24 01:26:58] $category.names
INFO [2022-11-24 01:26:58] c("C1", "C2 ", "C3", "C4")
INFO [2022-11-24 01:26:58] 
INFO [2022-11-24 01:26:58] $filename
INFO [2022-11-24 01:26:58] paste0(vis_path, "venn_diagram.png")
INFO [2022-11-24 01:26:58] 
INFO [2022-11-24 01:26:58] $output
INFO [2022-11-24 01:26:58] [1] TRUE
INFO [2022-11-24 01:26:58] 
INFO [2022-11-24 01:26:58] $imagetype
INFO [2022-11-24 01:26:58] [1] "png"
INFO [2022-11-24 01:26:58] 
INFO [2022-11-24 01:26:58] $height
INFO [2022-11-24 01:26:58] [1] 480
INFO [2022-11-24 01:26:58] 
INFO [2022-11-24 01:26:58] $width
INFO [2022-11-24 01:26:58] [1] 480
INFO [2022-11-24 01:26:58] 
INFO [2022-11-24 01:26:58] $resolution
INFO [2022-11-24 01:26:58] [1] 300
INFO [2022-11-24 01:26:58] 
INFO [2022-11-24 01:26:58] $compression
INFO [2022-11-24 01:26:58] [1] "lzw"
INFO [2022-11-24 01:26:58] 
INFO [2022-11-24 01:26:58] $lwd
INFO [2022-11-24 01:26:58] [1] 2
INFO [2022-11-24 01:26:58] 
INFO [2022-11-24 01:26:58] $lty
INFO [2022-11-24 01:26:58] [1] "blank"
INFO [2022-11-24 01:26:58] 
INFO [2022-11-24 01:26:58] $fill
INFO [2022-11-24 01:26:58] myCol
INFO [2022-11-24 01:26:58] 
INFO [2022-11-24 01:26:58] $cex
INFO [2022-11-24 01:26:58] [1] 0.6
INFO [2022-11-24 01:26:58] 
INFO [2022-11-24 01:26:58] $fontface
INFO [2022-11-24 01:26:58] [1] "bold"
INFO [2022-11-24 01:26:58] 
INFO [2022-11-24 01:26:58] $fontfamily
INFO [2022-11-24 01:26:58] [1] "sans"
INFO [2022-11-24 01:26:58] 
INFO [2022-11-24 01:26:58] $cat.cex
INFO [2022-11-24 01:26:58] [1] 0.6
INFO [2022-11-24 01:26:58] 
INFO [2022-11-24 01:26:58] $cat.fontface
INFO [2022-11-24 01:26:58] [1] "bold"
INFO [2022-11-24 01:26:58] 
INFO [2022-11-24 01:26:58] $cat.default.pos
INFO [2022-11-24 01:26:58] [1] "outer"
INFO [2022-11-24 01:26:58] 
INFO [2022-11-24 01:26:58] $cat.fontfamily
INFO [2022-11-24 01:26:58] [1] "sans"
INFO [2022-11-24 01:26:58] 
INFO [2022-11-24 01:26:58] [[20]]
INFO [2022-11-24 01:26:58] 
INFO [2022-11-24 01:26:58] 
