INFO [2022-11-24 01:28:08] $x
INFO [2022-11-24 01:28:08] list(C1, C2, C3, C4)
INFO [2022-11-24 01:28:08] 
INFO [2022-11-24 01:28:08] $category.names
INFO [2022-11-24 01:28:08] c("C1", "C2 ", "C3", "C4")
INFO [2022-11-24 01:28:08] 
INFO [2022-11-24 01:28:08] $filename
INFO [2022-11-24 01:28:08] paste0(vis_path, "venn_diagram.png")
INFO [2022-11-24 01:28:08] 
INFO [2022-11-24 01:28:08] $output
INFO [2022-11-24 01:28:08] [1] TRUE
INFO [2022-11-24 01:28:08] 
INFO [2022-11-24 01:28:08] $imagetype
INFO [2022-11-24 01:28:08] [1] "png"
INFO [2022-11-24 01:28:08] 
INFO [2022-11-24 01:28:08] $height
INFO [2022-11-24 01:28:08] [1] 480
INFO [2022-11-24 01:28:08] 
INFO [2022-11-24 01:28:08] $width
INFO [2022-11-24 01:28:08] [1] 480
INFO [2022-11-24 01:28:08] 
INFO [2022-11-24 01:28:08] $resolution
INFO [2022-11-24 01:28:08] [1] 300
INFO [2022-11-24 01:28:08] 
INFO [2022-11-24 01:28:08] $compression
INFO [2022-11-24 01:28:08] [1] "lzw"
INFO [2022-11-24 01:28:08] 
INFO [2022-11-24 01:28:08] $lwd
INFO [2022-11-24 01:28:08] [1] 2
INFO [2022-11-24 01:28:08] 
INFO [2022-11-24 01:28:08] $lty
INFO [2022-11-24 01:28:08] [1] "blank"
INFO [2022-11-24 01:28:08] 
INFO [2022-11-24 01:28:08] $fill
INFO [2022-11-24 01:28:08] myCol
INFO [2022-11-24 01:28:08] 
INFO [2022-11-24 01:28:08] $cex
INFO [2022-11-24 01:28:08] [1] 0.6
INFO [2022-11-24 01:28:08] 
INFO [2022-11-24 01:28:08] $fontface
INFO [2022-11-24 01:28:08] [1] "bold"
INFO [2022-11-24 01:28:08] 
INFO [2022-11-24 01:28:08] $fontfamily
INFO [2022-11-24 01:28:08] [1] "sans"
INFO [2022-11-24 01:28:08] 
INFO [2022-11-24 01:28:08] $cat.cex
INFO [2022-11-24 01:28:08] [1] 0.6
INFO [2022-11-24 01:28:08] 
INFO [2022-11-24 01:28:08] $cat.fontface
INFO [2022-11-24 01:28:08] [1] "bold"
INFO [2022-11-24 01:28:08] 
INFO [2022-11-24 01:28:08] $cat.default.pos
INFO [2022-11-24 01:28:08] [1] "outer"
INFO [2022-11-24 01:28:08] 
INFO [2022-11-24 01:28:08] $cat.fontfamily
INFO [2022-11-24 01:28:08] [1] "sans"
INFO [2022-11-24 01:28:08] 
INFO [2022-11-24 01:28:08] [[20]]
INFO [2022-11-24 01:28:08] 
INFO [2022-11-24 01:28:08] 
