INFO [2022-11-24 01:24:04] $x
INFO [2022-11-24 01:24:04] list(C1, C2, C3, C4)
INFO [2022-11-24 01:24:04] 
INFO [2022-11-24 01:24:04] $category.names
INFO [2022-11-24 01:24:04] c("C1", "C2 ", "C3", "C4")
INFO [2022-11-24 01:24:04] 
INFO [2022-11-24 01:24:04] $filename
INFO [2022-11-24 01:24:04] paste0(vis_path, "venn_diagram.png")
INFO [2022-11-24 01:24:04] 
INFO [2022-11-24 01:24:04] $output
INFO [2022-11-24 01:24:04] [1] TRUE
INFO [2022-11-24 01:24:04] 
INFO [2022-11-24 01:24:04] $imagetype
INFO [2022-11-24 01:24:04] [1] "png"
INFO [2022-11-24 01:24:04] 
INFO [2022-11-24 01:24:04] $height
INFO [2022-11-24 01:24:04] [1] 480
INFO [2022-11-24 01:24:04] 
INFO [2022-11-24 01:24:04] $width
INFO [2022-11-24 01:24:04] [1] 480
INFO [2022-11-24 01:24:04] 
INFO [2022-11-24 01:24:04] $resolution
INFO [2022-11-24 01:24:04] [1] 300
INFO [2022-11-24 01:24:04] 
INFO [2022-11-24 01:24:04] $compression
INFO [2022-11-24 01:24:04] [1] "lzw"
INFO [2022-11-24 01:24:04] 
INFO [2022-11-24 01:24:04] $lwd
INFO [2022-11-24 01:24:04] [1] 2
INFO [2022-11-24 01:24:04] 
INFO [2022-11-24 01:24:04] $lty
INFO [2022-11-24 01:24:04] [1] "blank"
INFO [2022-11-24 01:24:04] 
INFO [2022-11-24 01:24:04] $fill
INFO [2022-11-24 01:24:04] myCol
INFO [2022-11-24 01:24:04] 
INFO [2022-11-24 01:24:04] $cex
INFO [2022-11-24 01:24:04] [1] 0.6
INFO [2022-11-24 01:24:04] 
INFO [2022-11-24 01:24:04] $fontface
INFO [2022-11-24 01:24:04] [1] "bold"
INFO [2022-11-24 01:24:04] 
INFO [2022-11-24 01:24:04] $fontfamily
INFO [2022-11-24 01:24:04] [1] "sans"
INFO [2022-11-24 01:24:04] 
INFO [2022-11-24 01:24:04] $cat.cex
INFO [2022-11-24 01:24:04] [1] 0.6
INFO [2022-11-24 01:24:04] 
INFO [2022-11-24 01:24:04] $cat.fontface
INFO [2022-11-24 01:24:04] [1] "bold"
INFO [2022-11-24 01:24:04] 
INFO [2022-11-24 01:24:04] $cat.default.pos
INFO [2022-11-24 01:24:04] [1] "outer"
INFO [2022-11-24 01:24:04] 
INFO [2022-11-24 01:24:04] $cat.fontfamily
INFO [2022-11-24 01:24:04] [1] "sans"
INFO [2022-11-24 01:24:04] 
INFO [2022-11-24 01:24:04] [[20]]
INFO [2022-11-24 01:24:04] 
INFO [2022-11-24 01:24:04] 
