INFO [2022-11-11 15:05:07] $x
INFO [2022-11-11 15:05:07] list(C1, C2, C3, C4)
INFO [2022-11-11 15:05:07] 
INFO [2022-11-11 15:05:07] $category.names
INFO [2022-11-11 15:05:07] c("C1", "C2 ", "C3", "C4")
INFO [2022-11-11 15:05:07] 
INFO [2022-11-11 15:05:07] $filename
INFO [2022-11-11 15:05:07] paste0(vis_path, "venn_diagram.png")
INFO [2022-11-11 15:05:07] 
INFO [2022-11-11 15:05:07] $output
INFO [2022-11-11 15:05:07] [1] TRUE
INFO [2022-11-11 15:05:07] 
INFO [2022-11-11 15:05:07] $imagetype
INFO [2022-11-11 15:05:07] [1] "png"
INFO [2022-11-11 15:05:07] 
INFO [2022-11-11 15:05:07] $height
INFO [2022-11-11 15:05:07] [1] 480
INFO [2022-11-11 15:05:07] 
INFO [2022-11-11 15:05:07] $width
INFO [2022-11-11 15:05:07] [1] 480
INFO [2022-11-11 15:05:07] 
INFO [2022-11-11 15:05:07] $resolution
INFO [2022-11-11 15:05:07] [1] 300
INFO [2022-11-11 15:05:07] 
INFO [2022-11-11 15:05:07] $compression
INFO [2022-11-11 15:05:07] [1] "lzw"
INFO [2022-11-11 15:05:07] 
INFO [2022-11-11 15:05:07] $lwd
INFO [2022-11-11 15:05:07] [1] 2
INFO [2022-11-11 15:05:07] 
INFO [2022-11-11 15:05:07] $lty
INFO [2022-11-11 15:05:07] [1] "blank"
INFO [2022-11-11 15:05:07] 
INFO [2022-11-11 15:05:07] $fill
INFO [2022-11-11 15:05:07] myCol
INFO [2022-11-11 15:05:07] 
INFO [2022-11-11 15:05:07] $cex
INFO [2022-11-11 15:05:07] [1] 0.6
INFO [2022-11-11 15:05:07] 
INFO [2022-11-11 15:05:07] $fontface
INFO [2022-11-11 15:05:07] [1] "bold"
INFO [2022-11-11 15:05:07] 
INFO [2022-11-11 15:05:07] $fontfamily
INFO [2022-11-11 15:05:07] [1] "sans"
INFO [2022-11-11 15:05:07] 
INFO [2022-11-11 15:05:07] $cat.cex
INFO [2022-11-11 15:05:07] [1] 0.6
INFO [2022-11-11 15:05:07] 
INFO [2022-11-11 15:05:07] $cat.fontface
INFO [2022-11-11 15:05:07] [1] "bold"
INFO [2022-11-11 15:05:07] 
INFO [2022-11-11 15:05:07] $cat.default.pos
INFO [2022-11-11 15:05:07] [1] "outer"
INFO [2022-11-11 15:05:07] 
INFO [2022-11-11 15:05:07] $cat.fontfamily
INFO [2022-11-11 15:05:07] [1] "sans"
INFO [2022-11-11 15:05:07] 
INFO [2022-11-11 15:05:07] [[20]]
INFO [2022-11-11 15:05:07] 
INFO [2022-11-11 15:05:07] 
