INFO [2022-11-24 01:27:32] $x
INFO [2022-11-24 01:27:32] list(C1, C2, C3, C4)
INFO [2022-11-24 01:27:32] 
INFO [2022-11-24 01:27:32] $category.names
INFO [2022-11-24 01:27:32] c("C1", "C2 ", "C3", "C4")
INFO [2022-11-24 01:27:32] 
INFO [2022-11-24 01:27:32] $filename
INFO [2022-11-24 01:27:32] paste0(vis_path, "venn_diagram.png")
INFO [2022-11-24 01:27:32] 
INFO [2022-11-24 01:27:32] $output
INFO [2022-11-24 01:27:32] [1] TRUE
INFO [2022-11-24 01:27:32] 
INFO [2022-11-24 01:27:32] $imagetype
INFO [2022-11-24 01:27:32] [1] "png"
INFO [2022-11-24 01:27:32] 
INFO [2022-11-24 01:27:32] $height
INFO [2022-11-24 01:27:32] [1] 480
INFO [2022-11-24 01:27:32] 
INFO [2022-11-24 01:27:32] $width
INFO [2022-11-24 01:27:32] [1] 480
INFO [2022-11-24 01:27:32] 
INFO [2022-11-24 01:27:32] $resolution
INFO [2022-11-24 01:27:32] [1] 300
INFO [2022-11-24 01:27:32] 
INFO [2022-11-24 01:27:32] $compression
INFO [2022-11-24 01:27:32] [1] "lzw"
INFO [2022-11-24 01:27:32] 
INFO [2022-11-24 01:27:32] $lwd
INFO [2022-11-24 01:27:32] [1] 2
INFO [2022-11-24 01:27:32] 
INFO [2022-11-24 01:27:32] $lty
INFO [2022-11-24 01:27:32] [1] "blank"
INFO [2022-11-24 01:27:32] 
INFO [2022-11-24 01:27:32] $fill
INFO [2022-11-24 01:27:32] myCol
INFO [2022-11-24 01:27:32] 
INFO [2022-11-24 01:27:32] $cex
INFO [2022-11-24 01:27:32] [1] 0.6
INFO [2022-11-24 01:27:32] 
INFO [2022-11-24 01:27:32] $fontface
INFO [2022-11-24 01:27:32] [1] "bold"
INFO [2022-11-24 01:27:32] 
INFO [2022-11-24 01:27:32] $fontfamily
INFO [2022-11-24 01:27:32] [1] "sans"
INFO [2022-11-24 01:27:32] 
INFO [2022-11-24 01:27:32] $cat.cex
INFO [2022-11-24 01:27:32] [1] 0.6
INFO [2022-11-24 01:27:32] 
INFO [2022-11-24 01:27:32] $cat.fontface
INFO [2022-11-24 01:27:32] [1] "bold"
INFO [2022-11-24 01:27:32] 
INFO [2022-11-24 01:27:32] $cat.default.pos
INFO [2022-11-24 01:27:32] [1] "outer"
INFO [2022-11-24 01:27:32] 
INFO [2022-11-24 01:27:32] $cat.fontfamily
INFO [2022-11-24 01:27:32] [1] "sans"
INFO [2022-11-24 01:27:32] 
INFO [2022-11-24 01:27:32] [[20]]
INFO [2022-11-24 01:27:32] 
INFO [2022-11-24 01:27:32] 
