INFO [2022-11-09 15:00:37] $x
INFO [2022-11-09 15:00:37] list(C1, C2, C3, C4)
INFO [2022-11-09 15:00:37] 
INFO [2022-11-09 15:00:37] $category.names
INFO [2022-11-09 15:00:37] c("C1", "C2 ", "C3", "C4")
INFO [2022-11-09 15:00:37] 
INFO [2022-11-09 15:00:37] $filename
INFO [2022-11-09 15:00:37] paste0(vis_path, "venn_diagram.png")
INFO [2022-11-09 15:00:37] 
INFO [2022-11-09 15:00:37] $output
INFO [2022-11-09 15:00:37] [1] TRUE
INFO [2022-11-09 15:00:37] 
INFO [2022-11-09 15:00:37] $imagetype
INFO [2022-11-09 15:00:37] [1] "png"
INFO [2022-11-09 15:00:37] 
INFO [2022-11-09 15:00:37] $height
INFO [2022-11-09 15:00:37] [1] 480
INFO [2022-11-09 15:00:37] 
INFO [2022-11-09 15:00:37] $width
INFO [2022-11-09 15:00:37] [1] 480
INFO [2022-11-09 15:00:37] 
INFO [2022-11-09 15:00:37] $resolution
INFO [2022-11-09 15:00:37] [1] 300
INFO [2022-11-09 15:00:37] 
INFO [2022-11-09 15:00:37] $compression
INFO [2022-11-09 15:00:37] [1] "lzw"
INFO [2022-11-09 15:00:37] 
INFO [2022-11-09 15:00:37] $lwd
INFO [2022-11-09 15:00:37] [1] 2
INFO [2022-11-09 15:00:37] 
INFO [2022-11-09 15:00:37] $lty
INFO [2022-11-09 15:00:37] [1] "blank"
INFO [2022-11-09 15:00:37] 
INFO [2022-11-09 15:00:37] $fill
INFO [2022-11-09 15:00:37] myCol
INFO [2022-11-09 15:00:37] 
INFO [2022-11-09 15:00:37] $cex
INFO [2022-11-09 15:00:37] [1] 0.6
INFO [2022-11-09 15:00:37] 
INFO [2022-11-09 15:00:37] $fontface
INFO [2022-11-09 15:00:37] [1] "bold"
INFO [2022-11-09 15:00:37] 
INFO [2022-11-09 15:00:37] $fontfamily
INFO [2022-11-09 15:00:37] [1] "sans"
INFO [2022-11-09 15:00:37] 
INFO [2022-11-09 15:00:37] $cat.cex
INFO [2022-11-09 15:00:37] [1] 0.6
INFO [2022-11-09 15:00:37] 
INFO [2022-11-09 15:00:37] $cat.fontface
INFO [2022-11-09 15:00:37] [1] "bold"
INFO [2022-11-09 15:00:37] 
INFO [2022-11-09 15:00:37] $cat.default.pos
INFO [2022-11-09 15:00:37] [1] "outer"
INFO [2022-11-09 15:00:37] 
INFO [2022-11-09 15:00:37] $cat.fontfamily
INFO [2022-11-09 15:00:37] [1] "sans"
INFO [2022-11-09 15:00:37] 
INFO [2022-11-09 15:00:37] [[20]]
INFO [2022-11-09 15:00:37] 
INFO [2022-11-09 15:00:37] 
