INFO [2022-11-09 14:53:15] $x
INFO [2022-11-09 14:53:15] list(C1, C2, C3, C4)
INFO [2022-11-09 14:53:15] 
INFO [2022-11-09 14:53:15] $category.names
INFO [2022-11-09 14:53:15] c("C1", "C2 ", "C3", "C4")
INFO [2022-11-09 14:53:15] 
INFO [2022-11-09 14:53:15] $filename
INFO [2022-11-09 14:53:15] paste0(vis_path, "venn_diagram.png")
INFO [2022-11-09 14:53:15] 
INFO [2022-11-09 14:53:15] $output
INFO [2022-11-09 14:53:15] [1] TRUE
INFO [2022-11-09 14:53:15] 
INFO [2022-11-09 14:53:15] $imagetype
INFO [2022-11-09 14:53:15] [1] "png"
INFO [2022-11-09 14:53:15] 
INFO [2022-11-09 14:53:15] $height
INFO [2022-11-09 14:53:15] [1] 480
INFO [2022-11-09 14:53:15] 
INFO [2022-11-09 14:53:15] $width
INFO [2022-11-09 14:53:15] [1] 480
INFO [2022-11-09 14:53:15] 
INFO [2022-11-09 14:53:15] $resolution
INFO [2022-11-09 14:53:15] [1] 300
INFO [2022-11-09 14:53:15] 
INFO [2022-11-09 14:53:15] $compression
INFO [2022-11-09 14:53:15] [1] "lzw"
INFO [2022-11-09 14:53:15] 
INFO [2022-11-09 14:53:15] $lwd
INFO [2022-11-09 14:53:15] [1] 2
INFO [2022-11-09 14:53:15] 
INFO [2022-11-09 14:53:15] $lty
INFO [2022-11-09 14:53:15] [1] "blank"
INFO [2022-11-09 14:53:15] 
INFO [2022-11-09 14:53:15] $fill
INFO [2022-11-09 14:53:15] myCol
INFO [2022-11-09 14:53:15] 
INFO [2022-11-09 14:53:15] $cex
INFO [2022-11-09 14:53:15] [1] 0.6
INFO [2022-11-09 14:53:15] 
INFO [2022-11-09 14:53:15] $fontface
INFO [2022-11-09 14:53:15] [1] "bold"
INFO [2022-11-09 14:53:15] 
INFO [2022-11-09 14:53:15] $fontfamily
INFO [2022-11-09 14:53:15] [1] "sans"
INFO [2022-11-09 14:53:15] 
INFO [2022-11-09 14:53:15] $cat.cex
INFO [2022-11-09 14:53:15] [1] 0.6
INFO [2022-11-09 14:53:15] 
INFO [2022-11-09 14:53:15] $cat.fontface
INFO [2022-11-09 14:53:15] [1] "bold"
INFO [2022-11-09 14:53:15] 
INFO [2022-11-09 14:53:15] $cat.default.pos
INFO [2022-11-09 14:53:15] [1] "outer"
INFO [2022-11-09 14:53:15] 
INFO [2022-11-09 14:53:15] $cat.fontfamily
INFO [2022-11-09 14:53:15] [1] "sans"
INFO [2022-11-09 14:53:15] 
INFO [2022-11-09 14:53:15] [[20]]
INFO [2022-11-09 14:53:15] 
INFO [2022-11-09 14:53:15] 
